2026-05-23 01:38:29,217 cc INFO device=cuda:0, amp=True, cache_ppi=True, kaggle=True
2026-05-23 01:38:29,217 cc INFO epochs=2, batch_size=64, dropout=0.1, lr=0.0001, validate_every=5
2026-05-23 01:38:29,217 cc INFO data_dir=/kaggle/working/CAFA6, cwd=/kaggle/working/CAFA6
2026-05-23 01:39:33,632 cc INFO #########cc###########
2026-05-23 01:39:33,632 cc INFO ########start training###########
2026-05-23 01:39:33,632 cc INFO epoch: 0
2026-05-23 01:39:39,018 cc INFO Epoch 0/2, step 29/154, loss=0.5782
2026-05-23 01:39:42,416 cc INFO Epoch 0/2, step 59/154, loss=0.1189
2026-05-23 01:39:45,915 cc INFO Epoch 0/2, step 89/154, loss=0.0894
2026-05-23 01:39:49,282 cc INFO Epoch 0/2, step 119/154, loss=0.0752
2026-05-23 01:39:52,693 cc INFO Epoch 0/2, step 149/154, loss=0.0848
2026-05-23 01:39:53,085 cc INFO epoch: 1
2026-05-23 01:39:56,640 cc INFO Epoch 1/2, step 29/154, loss=0.0878
2026-05-23 01:40:00,005 cc INFO Epoch 1/2, step 59/154, loss=0.0780
2026-05-23 01:40:03,430 cc INFO Epoch 1/2, step 89/154, loss=0.0810
2026-05-23 01:40:06,894 cc INFO Epoch 1/2, step 119/154, loss=0.0829
2026-05-23 01:40:10,305 cc INFO Epoch 1/2, step 149/154, loss=0.0867
2026-05-23 01:40:10,701 cc INFO validating
2026-05-23 01:40:11,210 cc INFO valid batch 1/44
2026-05-23 01:40:12,040 cc INFO valid batch 10/44
2026-05-23 01:40:12,971 cc INFO valid batch 20/44
2026-05-23 01:40:13,882 cc INFO valid batch 30/44
2026-05-23 01:40:14,848 cc INFO valid batch 40/44
2026-05-23 01:40:15,152 cc INFO valid forward done, computing metrics...
2026-05-23 01:40:23,882 cc INFO saved checkpoint: /kaggle/working/CAFA6/save_models/bestmodel_cc_64_0.0001_0.1.pkl
2026-05-23 01:40:23,883 cc INFO ########valid metric###########
2026-05-23 01:40:23,883 cc INFO epoch=1, train_loss=0.0828, valid_loss=0.0815
2026-05-23 01:40:23,883 cc INFO threshold=0.3, f_score=0.49865618356131414, auc=0.9053668190069802, recall=0.45380206622129743, precision=0.5533496550189183, aupr=0.5294019090603
2026-05-23 01:40:23,883 cc INFO best_fscore: 0.49865618356131414
2026-05-23 01:40:23,883 cc INFO best_scores[thresh,fmax,recall,precision,auc]: [0.3, 0.49865618356131414, 0.45380206622129743, 0.5533496550189183, np.float64(0.9053668190069802)]
2026-05-23 01:40:23,906 cc INFO saved final model: /kaggle/working/CAFA6/save_models/final_cc_64_0.0001_0.1.pkl
2026-05-23 01:40:23,906 cc INFO best_aupr: 0.5294019090603
2026-05-23 01:40:23,906 cc INFO best_score_dict: {0.3: [0.49865618356131414, 0.45380206622129743, 0.5533496550189183, np.float64(0.9053668190069802)]}
2026-05-23 04:34:58,862 cc INFO device=cuda:0, amp=True, cache_ppi=True, kaggle=True
2026-05-23 04:34:58,862 cc INFO epochs=12, batch_size=64, dropout=0.2, lr=0.0001, validate_every=3
2026-05-23 04:34:58,862 cc INFO data_dir=/kaggle/working/CAFA6, cwd=/kaggle/working/CAFA6
2026-05-23 04:35:46,836 cc INFO #########cc###########
2026-05-23 04:35:46,836 cc INFO ########start training###########
2026-05-23 04:35:46,836 cc INFO epoch: 0
2026-05-23 04:35:51,940 cc INFO Epoch 0/12, step 29/154, loss=0.6864
2026-05-23 04:35:55,034 cc INFO Epoch 0/12, step 59/154, loss=0.6266
2026-05-23 04:35:58,135 cc INFO Epoch 0/12, step 89/154, loss=0.3397
2026-05-23 04:36:01,162 cc INFO Epoch 0/12, step 119/154, loss=0.1021
2026-05-23 04:36:04,180 cc INFO Epoch 0/12, step 149/154, loss=0.0889
2026-05-23 04:36:04,551 cc INFO epoch: 1
2026-05-23 04:36:07,700 cc INFO Epoch 1/12, step 29/154, loss=0.0629
2026-05-23 04:36:10,789 cc INFO Epoch 1/12, step 59/154, loss=0.0826
2026-05-23 04:36:13,819 cc INFO Epoch 1/12, step 89/154, loss=0.0704
2026-05-23 04:36:16,847 cc INFO Epoch 1/12, step 119/154, loss=0.0708
2026-05-23 04:36:19,872 cc INFO Epoch 1/12, step 149/154, loss=0.0895
2026-05-23 04:36:20,248 cc INFO epoch: 2
2026-05-23 04:36:23,407 cc INFO Epoch 2/12, step 29/154, loss=0.0922
2026-05-23 04:36:26,460 cc INFO Epoch 2/12, step 59/154, loss=0.0836
2026-05-23 04:36:29,521 cc INFO Epoch 2/12, step 89/154, loss=0.0809
2026-05-23 04:36:32,513 cc INFO Epoch 2/12, step 119/154, loss=0.0796
2026-05-23 04:36:35,582 cc INFO Epoch 2/12, step 149/154, loss=0.0818
2026-05-23 04:36:35,967 cc INFO validating
2026-05-23 04:36:36,420 cc INFO valid batch 1/44
2026-05-23 04:36:37,189 cc INFO valid batch 10/44
2026-05-23 04:36:38,002 cc INFO valid batch 20/44
2026-05-23 04:36:38,808 cc INFO valid batch 30/44
2026-05-23 04:36:39,620 cc INFO valid batch 40/44
2026-05-23 04:36:39,891 cc INFO valid forward done, computing metrics...
2026-05-23 04:36:47,603 cc INFO saved checkpoint: /kaggle/working/CAFA6/save_models/bestmodel_cc_64_0.0001_0.2.pkl
2026-05-23 04:36:47,603 cc INFO ########valid metric###########
2026-05-23 04:36:47,603 cc INFO epoch=2, train_loss=0.0829, valid_loss=0.0808
2026-05-23 04:36:47,603 cc INFO threshold=0.3, f_score=0.5026935888473084, auc=0.9086713110085762, recall=0.4462453911583251, precision=0.5754907961018785, aupr=0.5388308862545926
2026-05-23 04:36:47,603 cc INFO epoch: 3
2026-05-23 04:36:50,924 cc INFO Epoch 3/12, step 29/154, loss=0.0810
2026-05-23 04:36:54,033 cc INFO Epoch 3/12, step 59/154, loss=0.0802
2026-05-23 04:36:57,100 cc INFO Epoch 3/12, step 89/154, loss=0.0794
2026-05-23 04:37:00,160 cc INFO Epoch 3/12, step 119/154, loss=0.0898
2026-05-23 04:37:03,186 cc INFO Epoch 3/12, step 149/154, loss=0.0834
2026-05-23 04:37:03,547 cc INFO epoch: 4
2026-05-23 04:37:06,656 cc INFO Epoch 4/12, step 29/154, loss=0.0699
2026-05-23 04:37:09,670 cc INFO Epoch 4/12, step 59/154, loss=0.0793
2026-05-23 04:37:12,706 cc INFO Epoch 4/12, step 89/154, loss=0.0763
2026-05-23 04:37:15,704 cc INFO Epoch 4/12, step 119/154, loss=0.1000
2026-05-23 04:37:18,838 cc INFO Epoch 4/12, step 149/154, loss=0.0666
2026-05-23 04:37:19,204 cc INFO epoch: 5
2026-05-23 04:37:22,302 cc INFO Epoch 5/12, step 29/154, loss=0.0739
2026-05-23 04:37:25,261 cc INFO Epoch 5/12, step 59/154, loss=0.0720
2026-05-23 04:37:28,287 cc INFO Epoch 5/12, step 89/154, loss=0.0873
2026-05-23 04:37:31,376 cc INFO Epoch 5/12, step 119/154, loss=0.0631
2026-05-23 04:37:34,424 cc INFO Epoch 5/12, step 149/154, loss=0.0861
2026-05-23 04:37:34,778 cc INFO validating
2026-05-23 04:37:34,935 cc INFO valid batch 1/44
2026-05-23 04:37:35,602 cc INFO valid batch 10/44
2026-05-23 04:37:36,352 cc INFO valid batch 20/44
2026-05-23 04:37:37,082 cc INFO valid batch 30/44
2026-05-23 04:37:37,847 cc INFO valid batch 40/44
2026-05-23 04:37:38,111 cc INFO valid forward done, computing metrics...
2026-05-23 04:37:45,206 cc INFO saved checkpoint: /kaggle/working/CAFA6/save_models/bestmodel_cc_64_0.0001_0.2.pkl
2026-05-23 04:37:45,206 cc INFO ########valid metric###########
2026-05-23 04:37:45,206 cc INFO epoch=5, train_loss=0.0763, valid_loss=0.0744
2026-05-23 04:37:45,206 cc INFO threshold=0.3, f_score=0.562318954815063, auc=0.9274127136813358, recall=0.5208629941955975, precision=0.6109445919328594, aupr=0.5928570824509439
2026-05-23 04:37:45,206 cc INFO epoch: 6
2026-05-23 04:37:48,380 cc INFO Epoch 6/12, step 29/154, loss=0.0629
2026-05-23 04:37:51,399 cc INFO Epoch 6/12, step 59/154, loss=0.0649
2026-05-23 04:37:54,422 cc INFO Epoch 6/12, step 89/154, loss=0.0723
2026-05-23 04:37:57,417 cc INFO Epoch 6/12, step 119/154, loss=0.0943
2026-05-23 04:38:00,460 cc INFO Epoch 6/12, step 149/154, loss=0.0753
2026-05-23 04:38:00,811 cc INFO epoch: 7
2026-05-23 04:38:03,885 cc INFO Epoch 7/12, step 29/154, loss=0.0668
2026-05-23 04:38:06,898 cc INFO Epoch 7/12, step 59/154, loss=0.0633
2026-05-23 04:38:09,849 cc INFO Epoch 7/12, step 89/154, loss=0.0856
2026-05-23 04:38:12,904 cc INFO Epoch 7/12, step 119/154, loss=0.0748
2026-05-23 04:38:15,851 cc INFO Epoch 7/12, step 149/154, loss=0.0729
2026-05-23 04:38:16,198 cc INFO epoch: 8
2026-05-23 04:38:19,265 cc INFO Epoch 8/12, step 29/154, loss=0.0664
2026-05-23 04:38:22,334 cc INFO Epoch 8/12, step 59/154, loss=0.0742
2026-05-23 04:38:25,363 cc INFO Epoch 8/12, step 89/154, loss=0.0773
2026-05-23 04:38:28,368 cc INFO Epoch 8/12, step 119/154, loss=0.0685
2026-05-23 04:38:31,408 cc INFO Epoch 8/12, step 149/154, loss=0.0682
2026-05-23 04:38:31,777 cc INFO validating
2026-05-23 04:38:31,945 cc INFO valid batch 1/44
2026-05-23 04:38:32,599 cc INFO valid batch 10/44
2026-05-23 04:38:33,336 cc INFO valid batch 20/44
2026-05-23 04:38:34,077 cc INFO valid batch 30/44
2026-05-23 04:38:34,835 cc INFO valid batch 40/44
2026-05-23 04:38:35,090 cc INFO valid forward done, computing metrics...
2026-05-23 04:38:42,285 cc INFO saved checkpoint: /kaggle/working/CAFA6/save_models/bestmodel_cc_64_0.0001_0.2.pkl
2026-05-23 04:38:42,286 cc INFO ########valid metric###########
2026-05-23 04:38:42,286 cc INFO epoch=8, train_loss=0.0729, valid_loss=0.0714
2026-05-23 04:38:42,286 cc INFO threshold=0.3, f_score=0.5726035941215453, auc=0.9358372155570964, recall=0.5362318840579711, precision=0.6142683895788902, aupr=0.6123667107411592
2026-05-23 04:38:42,286 cc INFO epoch: 9
2026-05-23 04:38:45,377 cc INFO Epoch 9/12, step 29/154, loss=0.0773
2026-05-23 04:38:48,277 cc INFO Epoch 9/12, step 59/154, loss=0.0691
2026-05-23 04:38:51,258 cc INFO Epoch 9/12, step 89/154, loss=0.0812
2026-05-23 04:38:54,306 cc INFO Epoch 9/12, step 119/154, loss=0.0657
2026-05-23 04:38:57,270 cc INFO Epoch 9/12, step 149/154, loss=0.0711
2026-05-23 04:38:57,618 cc INFO epoch: 10
2026-05-23 04:39:00,631 cc INFO Epoch 10/12, step 29/154, loss=0.0791
2026-05-23 04:39:03,619 cc INFO Epoch 10/12, step 59/154, loss=0.0706
2026-05-23 04:39:06,696 cc INFO Epoch 10/12, step 89/154, loss=0.0744
2026-05-23 04:39:09,762 cc INFO Epoch 10/12, step 119/154, loss=0.0694
2026-05-23 04:39:12,820 cc INFO Epoch 10/12, step 149/154, loss=0.0647
2026-05-23 04:39:13,180 cc INFO epoch: 11
2026-05-23 04:39:16,238 cc INFO Epoch 11/12, step 29/154, loss=0.0753
2026-05-23 04:39:19,240 cc INFO Epoch 11/12, step 59/154, loss=0.0737
2026-05-23 04:39:22,207 cc INFO Epoch 11/12, step 89/154, loss=0.0718
2026-05-23 04:39:25,220 cc INFO Epoch 11/12, step 119/154, loss=0.0802
2026-05-23 04:39:28,198 cc INFO Epoch 11/12, step 149/154, loss=0.0721
2026-05-23 04:39:28,567 cc INFO validating
2026-05-23 04:39:28,731 cc INFO valid batch 1/44
2026-05-23 04:39:29,377 cc INFO valid batch 10/44
2026-05-23 04:39:30,087 cc INFO valid batch 20/44
2026-05-23 04:39:30,826 cc INFO valid batch 30/44
2026-05-23 04:39:31,635 cc INFO valid batch 40/44
2026-05-23 04:39:31,893 cc INFO valid forward done, computing metrics...
2026-05-23 04:39:38,855 cc INFO saved checkpoint: /kaggle/working/CAFA6/save_models/bestmodel_cc_64_0.0001_0.2.pkl
2026-05-23 04:39:38,855 cc INFO ########valid metric###########
2026-05-23 04:39:38,855 cc INFO epoch=11, train_loss=0.0719, valid_loss=0.0709
2026-05-23 04:39:38,855 cc INFO threshold=0.3, f_score=0.5750598493547947, auc=0.9370396888702225, recall=0.5392983608951192, precision=0.6159009422162929, aupr=0.6155670177428098
2026-05-23 04:39:38,855 cc INFO best_fscore: 0.5750598493547947
2026-05-23 04:39:38,855 cc INFO best_scores[thresh,fmax,recall,precision,auc]: [0.3, 0.5750598493547947, 0.5392983608951192, 0.6159009422162929, np.float64(0.9370396888702225)]
2026-05-23 04:39:38,877 cc INFO saved final model: /kaggle/working/CAFA6/save_models/final_cc_64_0.0001_0.2.pkl
2026-05-23 04:39:38,878 cc INFO best_aupr: 0.6155670177428098
2026-05-23 04:39:38,878 cc INFO best_score_dict: {0.3: [0.5750598493547947, 0.5392983608951192, 0.6159009422162929, np.float64(0.9370396888702225)]}
2026-05-24 05:24:49,800 cc INFO device=cuda:0, amp=False, cache_ppi=True, kaggle=False, baseline_parity=True, use_ppi=True
2026-05-24 05:24:49,800 cc INFO epochs=20, batch_size=64, dropout=0.3, lr=0.0001, validate_every=4, hid=512, convs=6, pool_ratio=0.75
2026-05-24 05:24:49,800 cc INFO data_dir=/kaggle/working/CAFA6, cwd=/kaggle/working/CAFA6
2026-05-24 05:35:45,167 cc INFO device=cuda:0, amp=False, cache_ppi=True, kaggle=False, baseline_parity=True, use_ppi=True
2026-05-24 05:35:45,168 cc INFO epochs=20, batch_size=64, dropout=0.3, lr=0.0001, validate_every=4, hid=512, convs=6, pool_ratio=0.75
2026-05-24 05:35:45,168 cc INFO data_dir=/kaggle/working/CAFA6, cwd=/kaggle/working/CAFA6
2026-05-24 05:36:21,044 cc INFO #########cc###########
2026-05-24 05:36:21,044 cc INFO ########start training###########
2026-05-24 05:36:21,044 cc INFO epoch: 0
2026-05-24 05:36:33,476 cc INFO Epoch 0/20, step 29/154, loss=0.6600
2026-05-24 05:36:43,379 cc INFO Epoch 0/20, step 59/154, loss=0.1420
2026-05-24 05:36:53,007 cc INFO Epoch 0/20, step 89/154, loss=0.0146
2026-05-24 05:37:02,400 cc INFO Epoch 0/20, step 119/154, loss=0.0145
2026-05-24 05:37:11,614 cc INFO Epoch 0/20, step 149/154, loss=0.0130
2026-05-24 05:37:12,745 cc INFO epoch: 1
2026-05-24 05:37:22,089 cc INFO Epoch 1/20, step 29/154, loss=0.0132
2026-05-24 05:37:31,426 cc INFO Epoch 1/20, step 59/154, loss=0.0137
2026-05-24 05:37:40,852 cc INFO Epoch 1/20, step 89/154, loss=0.0117
2026-05-24 05:37:50,532 cc INFO Epoch 1/20, step 119/154, loss=0.0124
2026-05-24 05:38:00,029 cc INFO Epoch 1/20, step 149/154, loss=0.0132
2026-05-24 05:38:01,272 cc INFO epoch: 2
2026-05-24 05:38:10,937 cc INFO Epoch 2/20, step 29/154, loss=0.0133
2026-05-24 05:38:20,456 cc INFO Epoch 2/20, step 59/154, loss=0.0152
2026-05-24 05:38:29,859 cc INFO Epoch 2/20, step 89/154, loss=0.0125
2026-05-24 05:38:39,163 cc INFO Epoch 2/20, step 119/154, loss=0.0150
2026-05-24 05:38:48,588 cc INFO Epoch 2/20, step 149/154, loss=0.0108
2026-05-24 05:38:49,790 cc INFO epoch: 3
2026-05-24 05:38:59,184 cc INFO Epoch 3/20, step 29/154, loss=0.0145
2026-05-24 05:39:08,693 cc INFO Epoch 3/20, step 59/154, loss=0.0135
2026-05-24 05:39:18,181 cc INFO Epoch 3/20, step 89/154, loss=0.0135
2026-05-24 05:39:27,412 cc INFO Epoch 3/20, step 119/154, loss=0.0133
2026-05-24 05:39:36,851 cc INFO Epoch 3/20, step 149/154, loss=0.0118
2026-05-24 05:39:38,136 cc INFO validating
2026-05-24 05:39:39,067 cc INFO valid batch 1/44
2026-05-24 05:39:40,758 cc INFO valid batch 10/44
2026-05-24 05:39:42,633 cc INFO valid batch 20/44
2026-05-24 05:39:44,362 cc INFO valid batch 30/44
2026-05-24 05:39:46,199 cc INFO valid batch 40/44
2026-05-24 05:39:46,867 cc INFO valid forward done, computing metrics...
2026-05-24 05:53:25,055 cc INFO saved checkpoint: /kaggle/working/CAFA6/save_models/bestmodel_cc_64_0.0001_0.3.pkl
2026-05-24 05:53:25,055 cc INFO ########valid metric###########
2026-05-24 05:53:25,055 cc INFO epoch=3, train_loss=0.0133, valid_loss=0.0129
2026-05-24 05:53:25,055 cc INFO threshold=0.26, f_score=0.5160372768441933, auc=0.985507727286993, recall=0.5033402694118936, precision=0.5293914378959493, aupr=0.5408488966885796
2026-05-24 05:53:25,055 cc INFO epoch: 4
2026-05-24 05:53:34,615 cc INFO Epoch 4/20, step 29/154, loss=0.0135
2026-05-24 05:53:43,962 cc INFO Epoch 4/20, step 59/154, loss=0.0134
2026-05-24 05:53:53,641 cc INFO Epoch 4/20, step 89/154, loss=0.0127
2026-05-24 05:54:03,242 cc INFO Epoch 4/20, step 119/154, loss=0.0128
2026-05-24 05:54:12,876 cc INFO Epoch 4/20, step 149/154, loss=0.0121
2026-05-24 05:54:14,084 cc INFO epoch: 5
2026-05-24 05:54:23,792 cc INFO Epoch 5/20, step 29/154, loss=0.0125
2026-05-24 05:54:33,331 cc INFO Epoch 5/20, step 59/154, loss=0.0126
2026-05-24 05:54:42,694 cc INFO Epoch 5/20, step 89/154, loss=0.0130
2026-05-24 05:54:52,119 cc INFO Epoch 5/20, step 119/154, loss=0.0107
2026-05-24 05:55:01,285 cc INFO Epoch 5/20, step 149/154, loss=0.0140
2026-05-24 05:55:02,510 cc INFO epoch: 6
2026-05-24 05:55:12,148 cc INFO Epoch 6/20, step 29/154, loss=0.0119
2026-05-24 05:55:21,539 cc INFO Epoch 6/20, step 59/154, loss=0.0143
2026-05-24 05:55:31,029 cc INFO Epoch 6/20, step 89/154, loss=0.0123
2026-05-24 05:55:40,614 cc INFO Epoch 6/20, step 119/154, loss=0.0117
2026-05-24 05:55:50,045 cc INFO Epoch 6/20, step 149/154, loss=0.0134
2026-05-24 05:55:51,240 cc INFO epoch: 7
2026-05-24 05:56:00,748 cc INFO Epoch 7/20, step 29/154, loss=0.0124
2026-05-24 05:56:10,201 cc INFO Epoch 7/20, step 59/154, loss=0.0121
2026-05-24 05:56:19,731 cc INFO Epoch 7/20, step 89/154, loss=0.0133
2026-05-24 05:56:29,205 cc INFO Epoch 7/20, step 119/154, loss=0.0123
2026-05-24 05:56:38,705 cc INFO Epoch 7/20, step 149/154, loss=0.0132
2026-05-24 05:56:39,847 cc INFO validating
2026-05-24 05:56:40,298 cc INFO valid batch 1/44
2026-05-24 05:56:41,955 cc INFO valid batch 10/44
2026-05-24 05:56:43,741 cc INFO valid batch 20/44
2026-05-24 05:56:45,440 cc INFO valid batch 30/44
2026-05-24 05:56:47,206 cc INFO valid batch 40/44
2026-05-24 05:56:47,873 cc INFO valid forward done, computing metrics...
2026-05-24 06:10:20,240 cc INFO saved checkpoint: /kaggle/working/CAFA6/save_models/bestmodel_cc_64_0.0001_0.3.pkl
2026-05-24 06:10:20,240 cc INFO ########valid metric###########
2026-05-24 06:10:20,240 cc INFO epoch=7, train_loss=0.0120, valid_loss=0.0116
2026-05-24 06:10:20,240 cc INFO threshold=0.26, f_score=0.5677517922200024, auc=0.9893684729231951, recall=0.5290767714379586, precision=0.6125269430708761, aupr=0.6022926310532692
2026-05-24 06:10:20,241 cc INFO epoch: 8
2026-05-24 06:10:31,049 cc INFO Epoch 8/20, step 29/154, loss=0.0116
2026-05-24 06:10:40,938 cc INFO Epoch 8/20, step 59/154, loss=0.0107
2026-05-24 06:10:50,401 cc INFO Epoch 8/20, step 89/154, loss=0.0117
2026-05-24 06:10:59,649 cc INFO Epoch 8/20, step 119/154, loss=0.0135
2026-05-24 06:11:08,870 cc INFO Epoch 8/20, step 149/154, loss=0.0143
2026-05-24 06:11:10,067 cc INFO epoch: 9
2026-05-24 06:11:19,254 cc INFO Epoch 9/20, step 29/154, loss=0.0104
2026-05-24 06:11:28,340 cc INFO Epoch 9/20, step 59/154, loss=0.0135
2026-05-24 06:11:37,633 cc INFO Epoch 9/20, step 89/154, loss=0.0110
2026-05-24 06:11:47,202 cc INFO Epoch 9/20, step 119/154, loss=0.0118
2026-05-24 06:11:56,836 cc INFO Epoch 9/20, step 149/154, loss=0.0110
2026-05-24 06:11:58,074 cc INFO epoch: 10
2026-05-24 06:12:07,375 cc INFO Epoch 10/20, step 29/154, loss=0.0093
2026-05-24 06:12:16,637 cc INFO Epoch 10/20, step 59/154, loss=0.0132
2026-05-24 06:12:26,015 cc INFO Epoch 10/20, step 89/154, loss=0.0102
2026-05-24 06:12:35,107 cc INFO Epoch 10/20, step 119/154, loss=0.0106
2026-05-24 06:12:44,558 cc INFO Epoch 10/20, step 149/154, loss=0.0108
2026-05-24 06:12:45,839 cc INFO epoch: 11
2026-05-24 06:12:55,494 cc INFO Epoch 11/20, step 29/154, loss=0.0106
2026-05-24 06:13:04,930 cc INFO Epoch 11/20, step 59/154, loss=0.0097
2026-05-24 06:13:14,144 cc INFO Epoch 11/20, step 89/154, loss=0.0123
2026-05-24 06:13:23,475 cc INFO Epoch 11/20, step 119/154, loss=0.0092
2026-05-24 06:13:32,761 cc INFO Epoch 11/20, step 149/154, loss=0.0110
2026-05-24 06:13:34,000 cc INFO validating
2026-05-24 06:13:34,442 cc INFO valid batch 1/44
2026-05-24 06:13:36,041 cc INFO valid batch 10/44
2026-05-24 06:13:37,837 cc INFO valid batch 20/44
2026-05-24 06:13:39,541 cc INFO valid batch 30/44
2026-05-24 06:13:41,278 cc INFO valid batch 40/44
2026-05-24 06:13:42,014 cc INFO valid forward done, computing metrics...
2026-05-24 06:27:07,867 cc INFO saved checkpoint: /kaggle/working/CAFA6/save_models/bestmodel_cc_64_0.0001_0.3.pkl
2026-05-24 06:27:07,868 cc INFO ########valid metric###########
2026-05-24 06:27:07,868 cc INFO epoch=11, train_loss=0.0111, valid_loss=0.0109
2026-05-24 06:27:07,868 cc INFO threshold=0.31, f_score=0.5874552244493559, auc=0.9913041611780476, recall=0.5627715109699558, precision=0.6144035710015543, aupr=0.6299625515937443
2026-05-24 06:27:07,868 cc INFO epoch: 12
2026-05-24 06:27:19,731 cc INFO Epoch 12/20, step 29/154, loss=0.0125
2026-05-24 06:27:30,771 cc INFO Epoch 12/20, step 59/154, loss=0.0114
2026-05-24 06:27:40,182 cc INFO Epoch 12/20, step 89/154, loss=0.0117
2026-05-24 06:27:49,500 cc INFO Epoch 12/20, step 119/154, loss=0.0110
2026-05-24 06:27:58,567 cc INFO Epoch 12/20, step 149/154, loss=0.0121
2026-05-24 06:27:59,730 cc INFO epoch: 13
2026-05-24 06:28:09,213 cc INFO Epoch 13/20, step 29/154, loss=0.0102
2026-05-24 06:28:18,459 cc INFO Epoch 13/20, step 59/154, loss=0.0111
2026-05-24 06:28:27,649 cc INFO Epoch 13/20, step 89/154, loss=0.0121
2026-05-24 06:28:37,211 cc INFO Epoch 13/20, step 119/154, loss=0.0102
2026-05-24 06:28:46,554 cc INFO Epoch 13/20, step 149/154, loss=0.0122
2026-05-24 06:28:47,817 cc INFO epoch: 14
2026-05-24 06:28:57,514 cc INFO Epoch 14/20, step 29/154, loss=0.0109
2026-05-24 06:29:06,662 cc INFO Epoch 14/20, step 59/154, loss=0.0111
2026-05-24 06:29:15,901 cc INFO Epoch 14/20, step 89/154, loss=0.0099
2026-05-24 06:29:25,394 cc INFO Epoch 14/20, step 119/154, loss=0.0106
2026-05-24 06:29:34,643 cc INFO Epoch 14/20, step 149/154, loss=0.0100
2026-05-24 06:29:35,821 cc INFO epoch: 15
2026-05-24 06:29:45,294 cc INFO Epoch 15/20, step 29/154, loss=0.0119
2026-05-24 06:29:54,517 cc INFO Epoch 15/20, step 59/154, loss=0.0109
2026-05-24 06:30:03,998 cc INFO Epoch 15/20, step 89/154, loss=0.0131
2026-05-24 06:30:13,550 cc INFO Epoch 15/20, step 119/154, loss=0.0105
2026-05-24 06:30:22,981 cc INFO Epoch 15/20, step 149/154, loss=0.0096
2026-05-24 06:30:24,206 cc INFO validating
2026-05-24 06:30:24,651 cc INFO valid batch 1/44
2026-05-24 06:30:26,271 cc INFO valid batch 10/44
2026-05-24 06:30:28,087 cc INFO valid batch 20/44
2026-05-24 06:30:29,791 cc INFO valid batch 30/44
2026-05-24 06:30:31,530 cc INFO valid batch 40/44
2026-05-24 06:30:32,199 cc INFO valid forward done, computing metrics...
2026-05-24 06:44:21,794 cc INFO saved checkpoint: /kaggle/working/CAFA6/save_models/bestmodel_cc_64_0.0001_0.3.pkl
2026-05-24 06:44:21,795 cc INFO ########valid metric###########
2026-05-24 06:44:21,795 cc INFO epoch=15, train_loss=0.0108, valid_loss=0.0107
2026-05-24 06:44:21,795 cc INFO threshold=0.31, f_score=0.592443575889949, auc=0.991750205049264, recall=0.5644142664184281, precision=0.6234022821660417, aupr=0.6372326619364432
2026-05-24 06:44:21,795 cc INFO epoch: 16
2026-05-24 06:44:31,219 cc INFO Epoch 16/20, step 29/154, loss=0.0094
2026-05-24 06:44:40,730 cc INFO Epoch 16/20, step 59/154, loss=0.0111
2026-05-24 06:44:50,252 cc INFO Epoch 16/20, step 89/154, loss=0.0106
2026-05-24 06:44:59,963 cc INFO Epoch 16/20, step 119/154, loss=0.0118
2026-05-24 06:45:09,658 cc INFO Epoch 16/20, step 149/154, loss=0.0133
2026-05-24 06:45:10,907 cc INFO epoch: 17
2026-05-24 06:45:20,398 cc INFO Epoch 17/20, step 29/154, loss=0.0110
2026-05-24 06:45:29,828 cc INFO Epoch 17/20, step 59/154, loss=0.0106
2026-05-24 06:45:39,082 cc INFO Epoch 17/20, step 89/154, loss=0.0100
2026-05-24 06:45:48,606 cc INFO Epoch 17/20, step 119/154, loss=0.0102
2026-05-24 06:45:58,051 cc INFO Epoch 17/20, step 149/154, loss=0.0131
2026-05-24 06:45:59,348 cc INFO epoch: 18
2026-05-24 06:46:09,142 cc INFO Epoch 18/20, step 29/154, loss=0.0110
2026-05-24 06:46:18,692 cc INFO Epoch 18/20, step 59/154, loss=0.0094
2026-05-24 06:46:28,256 cc INFO Epoch 18/20, step 89/154, loss=0.0098
2026-05-24 06:46:37,849 cc INFO Epoch 18/20, step 119/154, loss=0.0107
2026-05-24 06:46:47,241 cc INFO Epoch 18/20, step 149/154, loss=0.0094
2026-05-24 06:46:48,475 cc INFO epoch: 19
2026-05-24 06:46:58,023 cc INFO Epoch 19/20, step 29/154, loss=0.0096
2026-05-24 06:47:07,504 cc INFO Epoch 19/20, step 59/154, loss=0.0092
2026-05-24 06:47:17,146 cc INFO Epoch 19/20, step 89/154, loss=0.0125
2026-05-24 06:47:26,620 cc INFO Epoch 19/20, step 119/154, loss=0.0110
2026-05-24 06:47:35,882 cc INFO Epoch 19/20, step 149/154, loss=0.0112
2026-05-24 06:47:37,051 cc INFO validating
2026-05-24 06:47:37,493 cc INFO valid batch 1/44
2026-05-24 06:47:39,118 cc INFO valid batch 10/44
2026-05-24 06:47:40,940 cc INFO valid batch 20/44
2026-05-24 06:47:42,695 cc INFO valid batch 30/44
2026-05-24 06:47:44,463 cc INFO valid batch 40/44
2026-05-24 06:47:45,115 cc INFO valid forward done, computing metrics...
2026-05-24 07:01:41,948 cc INFO saved checkpoint: /kaggle/working/CAFA6/save_models/bestmodel_cc_64_0.0001_0.3.pkl
2026-05-24 07:01:41,948 cc INFO ########valid metric###########
2026-05-24 07:01:41,948 cc INFO epoch=19, train_loss=0.0107, valid_loss=0.0106
2026-05-24 07:01:41,948 cc INFO threshold=0.33, f_score=0.5933730818101848, auc=0.9918200211034675, recall=0.5540466542547366, precision=0.6387088628903291, aupr=0.6377715767322495
2026-05-24 07:01:41,949 cc INFO best_fscore: 0.5933730818101848
2026-05-24 07:01:41,949 cc INFO best_scores[thresh,fmax,recall,precision,auc]: [0.33, 0.5933730818101848, 0.5540466542547366, 0.6387088628903291, 0.9918200211034675]
2026-05-24 07:01:42,029 cc INFO saved final model: /kaggle/working/CAFA6/save_models/final_cc_64_0.0001_0.3.pkl
2026-05-24 07:01:42,030 cc INFO best_aupr: 0.6377715767322495
2026-05-24 07:01:42,030 cc INFO best_score_dict: {0.01: [0.20790955840339564, 0.9298360895119191, 0.11703970555124134, 0.9918200211034675], 0.02: [0.2865992788319442, 0.8849706129303107, 0.17098683143246082, 0.9918200211034675], 0.03: [0.33884477162068166, 0.8536122367028073, 0.2113755728917133, 0.9918200211034675], 0.04: [0.3793448695913361, 0.8298835468915416, 0.24586582450979333, 0.9918200211034675], 0.05: [0.41134146793754406, 0.809768919066915, 0.27569321020644055, 0.9918200211034675], 0.06: [0.4376881275125755, 0.7909319899244333, 0.302559734111634, 0.9918200211034675], 0.07: [0.45924386574449894, 0.7744679297630782, 0.3263946582971784, 0.9918200211034675], 0.08: [0.47816039091693013, 0.7590990399007046, 0.3489980195361015, 0.9918200211034675], 0.09: [0.49450230079922497, 0.7453729054868032, 0.3699784369507311, 0.9918200211034675], 0.1: [0.5081597486189245, 0.7320483335158617, 0.3891443985173973, 0.9918200211034675], 0.11: [0.5202773968990613, 0.7202935056401271, 0.4072025590754308, 0.9918200211034675], 0.12: [0.5306412393104013, 0.7090132515606177, 0.42397782095221465, 0.9918200211034675], 0.13: [0.53916452768454, 0.6978060088343737, 0.4392940040907315, 0.9918200211034675], 0.14: [0.545929245898786, 0.6870003285510897, 0.45292418772563175, 0.9918200211034675], 0.15: [0.5527617231722577, 0.6773263242434199, 0.46689649966028335, 0.9918200211034675], 0.16: [0.5593008358245378, 0.669331581060855, 0.4803384768541563, 0.9918200211034675], 0.17: [0.5648423974920848, 0.6610447924652283, 0.4930835420978107, 0.9918200211034675], 0.18: [0.5691504599420696, 0.6527580038696017, 0.504528653254705, 0.9918200211034675], 0.19: [0.5732231834190836, 0.6446537436571387, 0.5160432495616598, 0.9918200211034675], 0.2: [0.5761614560108342, 0.6367685175044719, 0.5260887923754374, 0.9918200211034675], 0.21: [0.5789685737308622, 0.6295038878545614, 0.5359440559440559, 0.9918200211034675], 0.22: [0.581819422410999, 0.6225678092943453, 0.5460774895933397, 0.9918200211034675], 0.23: [0.5836552954832898, 0.6149016172014748, 0.5554309833146475, 0.9918200211034675], 0.24: [0.5857968417909399, 0.6087321578505458, 0.5645270499018213, 0.9918200211034675], 0.25: [0.5875124661632711, 0.6021611360566568, 0.5735595813484474, 0.9918200211034675], 0.26: [0.589067292080101, 0.5959916767057277, 0.5823019581267611, 0.9918200211034675], 0.27: [0.5903957899353142, 0.5897492060015332, 0.5910437932169904, 0.9918200211034675], 0.28: [0.5911133300049926, 0.5835067352973388, 0.5989208633093526, 0.9918200211034675], 0.29: [0.5922863983241059, 0.5779943781257986, 0.6073031337501439, 0.9918200211034675], 0.3: [0.5930747398297067, 0.5721169641879312, 0.6156263503162195, 0.9918200211034675], 0.32: [0.5932547744819179, 0.5596320227795423, 0.6311758893280632, 0.9918200211034675], 0.33: [0.5933730818101848, 0.5540466542547366, 0.6387088628903291, 0.9918200211034675]}
